{"C:\\Users\\ADMIN\\Desktop\\backend assessment\\agroecology-api\\app.js": {"path":"C:\\Users\\ADMIN\\Desktop\\backend assessment\\agroecology-api\\app.js","statementMap":{"0":{"start":{"line":1,"column":16},"end":{"line":1,"column":34}},"1":{"start":{"line":2,"column":17},"end":{"line":2,"column":36}},"2":{"start":{"line":3,"column":13},"end":{"line":3,"column":28}},"3":{"start":{"line":4,"column":0},"end":{"line":4,"column":27}},"4":{"start":{"line":6,"column":23},"end":{"line":6,"column":51}},"5":{"start":{"line":8,"column":12},"end":{"line":8,"column":21}},"6":{"start":{"line":9,"column":0},"end":{"line":9,"column":16}},"7":{"start":{"line":10,"column":0},"end":{"line":10,"column":24}},"8":{"start":{"line":11,"column":0},"end":{"line":11,"column":24}},"9":{"start":{"line":13,"column":0},"end":{"line":15,"column":63}},"10":{"start":{"line":14,"column":12},"end":{"line":14,"column":45}},"11":{"start":{"line":15,"column":14},"end":{"line":15,"column":61}},"12":{"start":{"line":18,"column":0},"end":{"line":18,"column":51}},"13":{"start":{"line":19,"column":0},"end":{"line":19,"column":49}},"14":{"start":{"line":20,"column":0},"end":{"line":20,"column":43}},"15":{"start":{"line":21,"column":0},"end":{"line":21,"column":45}},"16":{"start":{"line":22,"column":0},"end":{"line":22,"column":53}},"17":{"start":{"line":23,"column":0},"end":{"line":23,"column":47}},"18":{"start":{"line":24,"column":0},"end":{"line":24,"column":45}},"19":{"start":{"line":26,"column":0},"end":{"line":26,"column":21}}},"fnMap":{"0":{"name":"(anonymous_0)","decl":{"start":{"line":14,"column":6},"end":{"line":14,"column":7}},"loc":{"start":{"line":14,"column":12},"end":{"line":14,"column":45}},"line":14},"1":{"name":"(anonymous_1)","decl":{"start":{"line":15,"column":7},"end":{"line":15,"column":8}},"loc":{"start":{"line":15,"column":14},"end":{"line":15,"column":61}},"line":15}},"branchMap":{},"s":{"0":7,"1":7,"2":7,"3":7,"4":7,"5":7,"6":7,"7":7,"8":7,"9":7,"10":6,"11":0,"12":7,"13":7,"14":7,"15":7,"16":7,"17":7,"18":7,"19":7},"f":{"0":6,"1":0},"b":{},"_coverageSchema":"1a1c01bbd47fc00a2c39e90264f33305004495a9","hash":"091821d9cf95488cae96be5f6b7abe1b80be4fd8"}
,"C:\\Users\\ADMIN\\Desktop\\backend assessment\\agroecology-api\\controllers\\blogController.js": {"path":"C:\\Users\\ADMIN\\Desktop\\backend assessment\\agroecology-api\\controllers\\blogController.js","statementMap":{"0":{"start":{"line":1,"column":13},"end":{"line":1,"column":38}},"1":{"start":{"line":4,"column":0},"end":{"line":12,"column":2}},"2":{"start":{"line":5,"column":2},"end":{"line":11,"column":3}},"3":{"start":{"line":6,"column":18},"end":{"line":6,"column":59}},"4":{"start":{"line":7,"column":4},"end":{"line":7,"column":20}},"5":{"start":{"line":9,"column":4},"end":{"line":9,"column":48}},"6":{"start":{"line":10,"column":4},"end":{"line":10,"column":52}},"7":{"start":{"line":15,"column":0},"end":{"line":27,"column":2}},"8":{"start":{"line":16,"column":2},"end":{"line":26,"column":3}},"9":{"start":{"line":17,"column":17},"end":{"line":20,"column":6}},"10":{"start":{"line":21,"column":4},"end":{"line":21,"column":22}},"11":{"start":{"line":22,"column":4},"end":{"line":22,"column":31}},"12":{"start":{"line":24,"column":4},"end":{"line":24,"column":47}},"13":{"start":{"line":25,"column":4},"end":{"line":25,"column":57}}},"fnMap":{"0":{"name":"(anonymous_0)","decl":{"start":{"line":4,"column":19},"end":{"line":4,"column":20}},"loc":{"start":{"line":4,"column":39},"end":{"line":12,"column":1}},"line":4},"1":{"name":"(anonymous_1)","decl":{"start":{"line":15,"column":21},"end":{"line":15,"column":22}},"loc":{"start":{"line":15,"column":41},"end":{"line":27,"column":1}},"line":15}},"branchMap":{},"s":{"0":7,"1":7,"2":1,"3":1,"4":1,"5":0,"6":0,"7":7,"8":1,"9":1,"10":1,"11":0,"12":1,"13":1},"f":{"0":1,"1":1},"b":{},"_coverageSchema":"1a1c01bbd47fc00a2c39e90264f33305004495a9","hash":"df2eeb7cb75a775036b770acf813f2aa1957d60f"}
,"C:\\Users\\ADMIN\\Desktop\\backend assessment\\agroecology-api\\controllers\\dashboardController.js": {"path":"C:\\Users\\ADMIN\\Desktop\\backend assessment\\agroecology-api\\controllers\\dashboardController.js","statementMap":{"0":{"start":{"line":1,"column":16},"end":{"line":1,"column":44}},"1":{"start":{"line":2,"column":13},"end":{"line":2,"column":38}},"2":{"start":{"line":3,"column":13},"end":{"line":3,"column":38}},"3":{"start":{"line":6,"column":0},"end":{"line":16,"column":2}},"4":{"start":{"line":7,"column":2},"end":{"line":15,"column":3}},"5":{"start":{"line":8,"column":23},"end":{"line":8,"column":50}},"6":{"start":{"line":9,"column":26},"end":{"line":9,"column":56}},"7":{"start":{"line":10,"column":25},"end":{"line":10,"column":78}},"8":{"start":{"line":10,"column":67},"end":{"line":10,"column":77}},"9":{"start":{"line":11,"column":4},"end":{"line":11,"column":58}},"10":{"start":{"line":13,"column":4},"end":{"line":13,"column":43}},"11":{"start":{"line":14,"column":4},"end":{"line":14,"column":52}}},"fnMap":{"0":{"name":"(anonymous_0)","decl":{"start":{"line":6,"column":23},"end":{"line":6,"column":24}},"loc":{"start":{"line":6,"column":43},"end":{"line":16,"column":1}},"line":6},"1":{"name":"(anonymous_1)","decl":{"start":{"line":10,"column":60},"end":{"line":10,"column":61}},"loc":{"start":{"line":10,"column":67},"end":{"line":10,"column":77}},"line":10}},"branchMap":{},"s":{"0":7,"1":7,"2":7,"3":7,"4":1,"5":1,"6":1,"7":1,"8":1,"9":1,"10":0,"11":0},"f":{"0":1,"1":1},"b":{},"_coverageSchema":"1a1c01bbd47fc00a2c39e90264f33305004495a9","hash":"27855091679dfd6c2507945a76fc1b0428550049"}
,"C:\\Users\\ADMIN\\Desktop\\backend assessment\\agroecology-api\\controllers\\faqController.js": {"path":"C:\\Users\\ADMIN\\Desktop\\backend assessment\\agroecology-api\\controllers\\faqController.js","statementMap":{"0":{"start":{"line":1,"column":12},"end":{"line":1,"column":36}},"1":{"start":{"line":4,"column":0},"end":{"line":17,"column":2}},"2":{"start":{"line":5,"column":15},"end":{"line":5,"column":35}},"3":{"start":{"line":6,"column":2},"end":{"line":16,"column":3}},"4":{"start":{"line":7,"column":17},"end":{"line":7,"column":33}},"5":{"start":{"line":8,"column":22},"end":{"line":11,"column":7}},"6":{"start":{"line":8,"column":39},"end":{"line":11,"column":5}},"7":{"start":{"line":12,"column":4},"end":{"line":12,"column":24}},"8":{"start":{"line":14,"column":4},"end":{"line":14,"column":37}},"9":{"start":{"line":15,"column":4},"end":{"line":15,"column":52}}},"fnMap":{"0":{"name":"(anonymous_0)","decl":{"start":{"line":4,"column":18},"end":{"line":4,"column":19}},"loc":{"start":{"line":4,"column":38},"end":{"line":17,"column":1}},"line":4},"1":{"name":"(anonymous_1)","decl":{"start":{"line":8,"column":31},"end":{"line":8,"column":32}},"loc":{"start":{"line":8,"column":39},"end":{"line":11,"column":5}},"line":8}},"branchMap":{"0":{"loc":{"start":{"line":5,"column":15},"end":{"line":5,"column":35}},"type":"binary-expr","locations":[{"start":{"line":5,"column":15},"end":{"line":5,"column":27}},{"start":{"line":5,"column":31},"end":{"line":5,"column":35}}],"line":5},"1":{"loc":{"start":{"line":9,"column":16},"end":{"line":9,"column":56}},"type":"binary-expr","locations":[{"start":{"line":9,"column":16},"end":{"line":9,"column":34}},{"start":{"line":9,"column":38},"end":{"line":9,"column":56}}],"line":9},"2":{"loc":{"start":{"line":10,"column":14},"end":{"line":10,"column":50}},"type":"binary-expr","locations":[{"start":{"line":10,"column":14},"end":{"line":10,"column":30}},{"start":{"line":10,"column":34},"end":{"line":10,"column":50}}],"line":10}},"s":{"0":7,"1":7,"2":2,"3":2,"4":2,"5":2,"6":4,"7":2,"8":0,"9":0},"f":{"0":2,"1":4},"b":{"0":[2,0],"1":[4,0],"2":[4,0]},"_coverageSchema":"1a1c01bbd47fc00a2c39e90264f33305004495a9","hash":"22ce765238820a654e29a136c3f1d7298e07dd80"}
,"C:\\Users\\ADMIN\\Desktop\\backend assessment\\agroecology-api\\controllers\\ingestController.js": {"path":"C:\\Users\\ADMIN\\Desktop\\backend assessment\\agroecology-api\\controllers\\ingestController.js","statementMap":{"0":{"start":{"line":1,"column":11},"end":{"line":1,"column":24}},"1":{"start":{"line":2,"column":16},"end":{"line":2,"column":44}},"2":{"start":{"line":3,"column":15},"end":{"line":3,"column":42}},"3":{"start":{"line":4,"column":12},"end":{"line":4,"column":36}},"4":{"start":{"line":5,"column":13},"end":{"line":5,"column":38}},"5":{"start":{"line":8,"column":0},"end":{"line":35,"column":2}},"6":{"start":{"line":9,"column":19},"end":{"line":9,"column":29}},"7":{"start":{"line":10,"column":19},"end":{"line":10,"column":33}},"8":{"start":{"line":12,"column":2},"end":{"line":12,"column":78}},"9":{"start":{"line":12,"column":17},"end":{"line":12,"column":78}},"10":{"start":{"line":14,"column":2},"end":{"line":34,"column":3}},"11":{"start":{"line":15,"column":16},"end":{"line":15,"column":49}},"12":{"start":{"line":16,"column":17},"end":{"line":16,"column":32}},"13":{"start":{"line":17,"column":21},"end":{"line":22,"column":5}},"14":{"start":{"line":24,"column":18},"end":{"line":24,"column":32}},"15":{"start":{"line":25,"column":4},"end":{"line":25,"column":73}},"16":{"start":{"line":25,"column":16},"end":{"line":25,"column":73}},"17":{"start":{"line":27,"column":4},"end":{"line":27,"column":33}},"18":{"start":{"line":28,"column":4},"end":{"line":28,"column":28}},"19":{"start":{"line":30,"column":4},"end":{"line":30,"column":64}},"20":{"start":{"line":32,"column":4},"end":{"line":32,"column":48}},"21":{"start":{"line":33,"column":4},"end":{"line":33,"column":60}}},"fnMap":{"0":{"name":"(anonymous_0)","decl":{"start":{"line":8,"column":21},"end":{"line":8,"column":22}},"loc":{"start":{"line":8,"column":41},"end":{"line":35,"column":1}},"line":8}},"branchMap":{"0":{"loc":{"start":{"line":12,"column":2},"end":{"line":12,"column":78}},"type":"if","locations":[{"start":{"line":12,"column":2},"end":{"line":12,"column":78}},{"start":{},"end":{}}],"line":12},"1":{"loc":{"start":{"line":25,"column":4},"end":{"line":25,"column":73}},"type":"if","locations":[{"start":{"line":25,"column":4},"end":{"line":25,"column":73}},{"start":{},"end":{}}],"line":25}},"s":{"0":7,"1":7,"2":7,"3":7,"4":7,"5":7,"6":2,"7":2,"8":2,"9":0,"10":2,"11":2,"12":2,"13":2,"14":2,"15":2,"16":1,"17":1,"18":1,"19":1,"20":0,"21":0},"f":{"0":2},"b":{"0":[0,2],"1":[1,1]},"_coverageSchema":"1a1c01bbd47fc00a2c39e90264f33305004495a9","hash":"d4ca7b1d40a97daadef048bbe35acc5da8d28616"}
,"C:\\Users\\ADMIN\\Desktop\\backend assessment\\agroecology-api\\controllers\\outletController.js": {"path":"C:\\Users\\ADMIN\\Desktop\\backend assessment\\agroecology-api\\controllers\\outletController.js","statementMap":{"0":{"start":{"line":1,"column":15},"end":{"line":1,"column":42}},"1":{"start":{"line":4,"column":0},"end":{"line":12,"column":2}},"2":{"start":{"line":5,"column":2},"end":{"line":11,"column":3}},"3":{"start":{"line":6,"column":20},"end":{"line":6,"column":39}},"4":{"start":{"line":7,"column":4},"end":{"line":7,"column":22}},"5":{"start":{"line":9,"column":4},"end":{"line":9,"column":41}},"6":{"start":{"line":10,"column":4},"end":{"line":10,"column":52}}},"fnMap":{"0":{"name":"(anonymous_0)","decl":{"start":{"line":4,"column":21},"end":{"line":4,"column":22}},"loc":{"start":{"line":4,"column":41},"end":{"line":12,"column":1}},"line":4}},"branchMap":{},"s":{"0":7,"1":7,"2":0,"3":0,"4":0,"5":0,"6":0},"f":{"0":0},"b":{},"_coverageSchema":"1a1c01bbd47fc00a2c39e90264f33305004495a9","hash":"b894f73c87f3316e1fba9cc4a04a579ac0d71289"}
,"C:\\Users\\ADMIN\\Desktop\\backend assessment\\agroecology-api\\controllers\\productController.js": {"path":"C:\\Users\\ADMIN\\Desktop\\backend assessment\\agroecology-api\\controllers\\productController.js","statementMap":{"0":{"start":{"line":1,"column":16},"end":{"line":1,"column":44}},"1":{"start":{"line":4,"column":0},"end":{"line":17,"column":2}},"2":{"start":{"line":5,"column":15},"end":{"line":5,"column":35}},"3":{"start":{"line":6,"column":2},"end":{"line":16,"column":3}},"4":{"start":{"line":7,"column":21},"end":{"line":7,"column":41}},"5":{"start":{"line":8,"column":22},"end":{"line":11,"column":7}},"6":{"start":{"line":8,"column":44},"end":{"line":11,"column":5}},"7":{"start":{"line":12,"column":4},"end":{"line":12,"column":24}},"8":{"start":{"line":14,"column":4},"end":{"line":14,"column":42}},"9":{"start":{"line":15,"column":4},"end":{"line":15,"column":52}}},"fnMap":{"0":{"name":"(anonymous_0)","decl":{"start":{"line":4,"column":22},"end":{"line":4,"column":23}},"loc":{"start":{"line":4,"column":42},"end":{"line":17,"column":1}},"line":4},"1":{"name":"(anonymous_1)","decl":{"start":{"line":8,"column":35},"end":{"line":8,"column":36}},"loc":{"start":{"line":8,"column":44},"end":{"line":11,"column":5}},"line":8}},"branchMap":{"0":{"loc":{"start":{"line":5,"column":15},"end":{"line":5,"column":35}},"type":"binary-expr","locations":[{"start":{"line":5,"column":15},"end":{"line":5,"column":27}},{"start":{"line":5,"column":31},"end":{"line":5,"column":35}}],"line":5},"1":{"loc":{"start":{"line":10,"column":19},"end":{"line":10,"column":67}},"type":"binary-expr","locations":[{"start":{"line":10,"column":19},"end":{"line":10,"column":41}},{"start":{"line":10,"column":45},"end":{"line":10,"column":67}}],"line":10}},"s":{"0":7,"1":7,"2":1,"3":1,"4":1,"5":1,"6":10,"7":1,"8":0,"9":0},"f":{"0":1,"1":10},"b":{"0":[1,0],"1":[10,0]},"_coverageSchema":"1a1c01bbd47fc00a2c39e90264f33305004495a9","hash":"f5da24c3e19a76b078ce6384153f75c5732c8005"}
,"C:\\Users\\ADMIN\\Desktop\\backend assessment\\agroecology-api\\controllers\\userController.js": {"path":"C:\\Users\\ADMIN\\Desktop\\backend assessment\\agroecology-api\\controllers\\userController.js","statementMap":{"0":{"start":{"line":1,"column":13},"end":{"line":1,"column":38}},"1":{"start":{"line":2,"column":12},"end":{"line":2,"column":35}},"2":{"start":{"line":5,"column":0},"end":{"line":27,"column":2}},"3":{"start":{"line":6,"column":2},"end":{"line":26,"column":3}},"4":{"start":{"line":7,"column":35},"end":{"line":7,"column":43}},"5":{"start":{"line":9,"column":25},"end":{"line":9,"column":57}},"6":{"start":{"line":10,"column":4},"end":{"line":11,"column":70}},"7":{"start":{"line":11,"column":6},"end":{"line":11,"column":70}},"8":{"start":{"line":13,"column":20},"end":{"line":13,"column":52}},"9":{"start":{"line":14,"column":4},"end":{"line":14,"column":25}},"10":{"start":{"line":16,"column":18},"end":{"line":20,"column":5}},"11":{"start":{"line":22,"column":4},"end":{"line":22,"column":77}},"12":{"start":{"line":24,"column":4},"end":{"line":24,"column":54}},"13":{"start":{"line":25,"column":4},"end":{"line":25,"column":54}},"14":{"start":{"line":30,"column":0},"end":{"line":50,"column":2}},"15":{"start":{"line":31,"column":2},"end":{"line":49,"column":3}},"16":{"start":{"line":32,"column":35},"end":{"line":32,"column":43}},"17":{"start":{"line":34,"column":17},"end":{"line":34,"column":49}},"18":{"start":{"line":35,"column":4},"end":{"line":37,"column":5}},"19":{"start":{"line":36,"column":6},"end":{"line":36,"column":70}},"20":{"start":{"line":39,"column":18},"end":{"line":43,"column":5}},"21":{"start":{"line":45,"column":4},"end":{"line":45,"column":24}},"22":{"start":{"line":47,"column":4},"end":{"line":47,"column":47}},"23":{"start":{"line":48,"column":4},"end":{"line":48,"column":54}}},"fnMap":{"0":{"name":"(anonymous_0)","decl":{"start":{"line":5,"column":19},"end":{"line":5,"column":20}},"loc":{"start":{"line":5,"column":39},"end":{"line":27,"column":1}},"line":5},"1":{"name":"(anonymous_1)","decl":{"start":{"line":30,"column":16},"end":{"line":30,"column":17}},"loc":{"start":{"line":30,"column":36},"end":{"line":50,"column":1}},"line":30}},"branchMap":{"0":{"loc":{"start":{"line":10,"column":4},"end":{"line":11,"column":70}},"type":"if","locations":[{"start":{"line":10,"column":4},"end":{"line":11,"column":70}},{"start":{},"end":{}}],"line":10},"1":{"loc":{"start":{"line":18,"column":6},"end":{"line":18,"column":38}},"type":"binary-expr","locations":[{"start":{"line":18,"column":6},"end":{"line":18,"column":28}},{"start":{"line":18,"column":32},"end":{"line":18,"column":38}}],"line":18},"2":{"loc":{"start":{"line":35,"column":4},"end":{"line":37,"column":5}},"type":"if","locations":[{"start":{"line":35,"column":4},"end":{"line":37,"column":5}},{"start":{},"end":{}}],"line":35},"3":{"loc":{"start":{"line":35,"column":8},"end":{"line":35,"column":56}},"type":"binary-expr","locations":[{"start":{"line":35,"column":8},"end":{"line":35,"column":13}},{"start":{"line":35,"column":17},"end":{"line":35,"column":56}}],"line":35},"4":{"loc":{"start":{"line":41,"column":6},"end":{"line":41,"column":38}},"type":"binary-expr","locations":[{"start":{"line":41,"column":6},"end":{"line":41,"column":28}},{"start":{"line":41,"column":32},"end":{"line":41,"column":38}}],"line":41}},"s":{"0":7,"1":7,"2":7,"3":1,"4":1,"5":1,"6":1,"7":0,"8":1,"9":1,"10":1,"11":1,"12":0,"13":0,"14":7,"15":1,"16":1,"17":1,"18":1,"19":0,"20":1,"21":1,"22":0,"23":0},"f":{"0":1,"1":1},"b":{"0":[0,1],"1":[1,0],"2":[0,1],"3":[1,1],"4":[1,0]},"_coverageSchema":"1a1c01bbd47fc00a2c39e90264f33305004495a9","hash":"237f623c01d1bd14b0f277f056151ddfd298b19d"}
,"C:\\Users\\ADMIN\\Desktop\\backend assessment\\agroecology-api\\middleware\\auth.js": {"path":"C:\\Users\\ADMIN\\Desktop\\backend assessment\\agroecology-api\\middleware\\auth.js","statementMap":{"0":{"start":{"line":1,"column":12},"end":{"line":1,"column":35}},"1":{"start":{"line":3,"column":0},"end":{"line":17,"column":2}},"2":{"start":{"line":4,"column":21},"end":{"line":4,"column":49}},"3":{"start":{"line":5,"column":2},"end":{"line":7,"column":3}},"4":{"start":{"line":6,"column":4},"end":{"line":6,"column":90}},"5":{"start":{"line":9,"column":16},"end":{"line":9,"column":40}},"6":{"start":{"line":10,"column":2},"end":{"line":16,"column":5}},"7":{"start":{"line":11,"column":4},"end":{"line":13,"column":5}},"8":{"start":{"line":12,"column":6},"end":{"line":12,"column":75}},"9":{"start":{"line":14,"column":4},"end":{"line":14,"column":23}},"10":{"start":{"line":15,"column":4},"end":{"line":15,"column":11}}},"fnMap":{"0":{"name":"(anonymous_0)","decl":{"start":{"line":3,"column":17},"end":{"line":3,"column":18}},"loc":{"start":{"line":3,"column":37},"end":{"line":17,"column":1}},"line":3},"1":{"name":"(anonymous_1)","decl":{"start":{"line":10,"column":54},"end":{"line":10,"column":55}},"loc":{"start":{"line":10,"column":72},"end":{"line":16,"column":3}},"line":10}},"branchMap":{"0":{"loc":{"start":{"line":5,"column":2},"end":{"line":7,"column":3}},"type":"if","locations":[{"start":{"line":5,"column":2},"end":{"line":7,"column":3}},{"start":{},"end":{}}],"line":5},"1":{"loc":{"start":{"line":5,"column":6},"end":{"line":5,"column":54}},"type":"binary-expr","locations":[{"start":{"line":5,"column":6},"end":{"line":5,"column":17}},{"start":{"line":5,"column":21},"end":{"line":5,"column":54}}],"line":5},"2":{"loc":{"start":{"line":10,"column":20},"end":{"line":10,"column":52}},"type":"binary-expr","locations":[{"start":{"line":10,"column":20},"end":{"line":10,"column":42}},{"start":{"line":10,"column":46},"end":{"line":10,"column":52}}],"line":10},"3":{"loc":{"start":{"line":11,"column":4},"end":{"line":13,"column":5}},"type":"if","locations":[{"start":{"line":11,"column":4},"end":{"line":13,"column":5}},{"start":{},"end":{}}],"line":11}},"s":{"0":7,"1":7,"2":2,"3":2,"4":1,"5":1,"6":1,"7":1,"8":0,"9":1,"10":1},"f":{"0":2,"1":1},"b":{"0":[1,1],"1":[2,1],"2":[1,0],"3":[0,1]},"_coverageSchema":"1a1c01bbd47fc00a2c39e90264f33305004495a9","hash":"286d3d1e24ab804adb547b17670c3e473abf1695"}
,"C:\\Users\\ADMIN\\Desktop\\backend assessment\\agroecology-api\\middleware\\i18n.js": {"path":"C:\\Users\\ADMIN\\Desktop\\backend assessment\\agroecology-api\\middleware\\i18n.js","statementMap":{"0":{"start":{"line":1,"column":16},"end":{"line":1,"column":34}},"1":{"start":{"line":2,"column":19},"end":{"line":2,"column":53}},"2":{"start":{"line":4,"column":0},"end":{"line":7,"column":3}},"3":{"start":{"line":9,"column":0},"end":{"line":9,"column":44}}},"fnMap":{},"branchMap":{},"s":{"0":7,"1":7,"2":7,"3":7},"f":{},"b":{},"_coverageSchema":"1a1c01bbd47fc00a2c39e90264f33305004495a9","hash":"86234b7f51e69811b84230c05552170320716bbf"}
,"C:\\Users\\ADMIN\\Desktop\\backend assessment\\agroecology-api\\models\\Blog.js": {"path":"C:\\Users\\ADMIN\\Desktop\\backend assessment\\agroecology-api\\models\\Blog.js","statementMap":{"0":{"start":{"line":1,"column":17},"end":{"line":1,"column":36}},"1":{"start":{"line":3,"column":19},"end":{"line":10,"column":2}},"2":{"start":{"line":12,"column":0},"end":{"line":12,"column":52}}},"fnMap":{},"branchMap":{},"s":{"0":7,"1":7,"2":7},"f":{},"b":{},"_coverageSchema":"1a1c01bbd47fc00a2c39e90264f33305004495a9","hash":"df3ab3e83f2bdfded90b454b4375c7ef4a5ccb45"}
,"C:\\Users\\ADMIN\\Desktop\\backend assessment\\agroecology-api\\models\\Faq.js": {"path":"C:\\Users\\ADMIN\\Desktop\\backend assessment\\agroecology-api\\models\\Faq.js","statementMap":{"0":{"start":{"line":1,"column":17},"end":{"line":1,"column":36}},"1":{"start":{"line":2,"column":18},"end":{"line":11,"column":2}},"2":{"start":{"line":12,"column":0},"end":{"line":12,"column":50}}},"fnMap":{},"branchMap":{},"s":{"0":7,"1":7,"2":7},"f":{},"b":{},"_coverageSchema":"1a1c01bbd47fc00a2c39e90264f33305004495a9","hash":"558097aae5e492be64ec8ee65d0ed7d3db97ca2b"}
,"C:\\Users\\ADMIN\\Desktop\\backend assessment\\agroecology-api\\models\\Outlet.js": {"path":"C:\\Users\\ADMIN\\Desktop\\backend assessment\\agroecology-api\\models\\Outlet.js","statementMap":{"0":{"start":{"line":1,"column":17},"end":{"line":1,"column":36}},"1":{"start":{"line":3,"column":21},"end":{"line":11,"column":2}},"2":{"start":{"line":13,"column":0},"end":{"line":13,"column":56}}},"fnMap":{},"branchMap":{},"s":{"0":7,"1":7,"2":7},"f":{},"b":{},"_coverageSchema":"1a1c01bbd47fc00a2c39e90264f33305004495a9","hash":"c7b26d62e1d944765f6ee9d7e3ae9b5480e787b5"}
,"C:\\Users\\ADMIN\\Desktop\\backend assessment\\agroecology-api\\models\\Product.js": {"path":"C:\\Users\\ADMIN\\Desktop\\backend assessment\\agroecology-api\\models\\Product.js","statementMap":{"0":{"start":{"line":1,"column":17},"end":{"line":1,"column":36}},"1":{"start":{"line":3,"column":22},"end":{"line":13,"column":2}},"2":{"start":{"line":15,"column":0},"end":{"line":15,"column":58}}},"fnMap":{},"branchMap":{},"s":{"0":7,"1":7,"2":7},"f":{},"b":{},"_coverageSchema":"1a1c01bbd47fc00a2c39e90264f33305004495a9","hash":"612e3250cbed78d49c14b612ba57c2f8a733a850"}
,"C:\\Users\\ADMIN\\Desktop\\backend assessment\\agroecology-api\\models\\User.js": {"path":"C:\\Users\\ADMIN\\Desktop\\backend assessment\\agroecology-api\\models\\User.js","statementMap":{"0":{"start":{"line":1,"column":17},"end":{"line":1,"column":36}},"1":{"start":{"line":2,"column":15},"end":{"line":2,"column":34}},"2":{"start":{"line":4,"column":19},"end":{"line":7,"column":2}},"3":{"start":{"line":10,"column":0},"end":{"line":18,"column":3}},"4":{"start":{"line":11,"column":2},"end":{"line":11,"column":50}},"5":{"start":{"line":11,"column":36},"end":{"line":11,"column":50}},"6":{"start":{"line":12,"column":2},"end":{"line":17,"column":3}},"7":{"start":{"line":13,"column":4},"end":{"line":13,"column":57}},"8":{"start":{"line":14,"column":4},"end":{"line":14,"column":11}},"9":{"start":{"line":16,"column":4},"end":{"line":16,"column":14}},"10":{"start":{"line":20,"column":0},"end":{"line":22,"column":2}},"11":{"start":{"line":21,"column":2},"end":{"line":21,"column":58}},"12":{"start":{"line":24,"column":0},"end":{"line":24,"column":52}}},"fnMap":{"0":{"name":"(anonymous_0)","decl":{"start":{"line":10,"column":23},"end":{"line":10,"column":24}},"loc":{"start":{"line":10,"column":45},"end":{"line":18,"column":1}},"line":10},"1":{"name":"(anonymous_1)","decl":{"start":{"line":20,"column":37},"end":{"line":20,"column":38}},"loc":{"start":{"line":20,"column":66},"end":{"line":22,"column":1}},"line":20}},"branchMap":{"0":{"loc":{"start":{"line":11,"column":2},"end":{"line":11,"column":50}},"type":"if","locations":[{"start":{"line":11,"column":2},"end":{"line":11,"column":50}},{"start":{},"end":{}}],"line":11}},"s":{"0":7,"1":7,"2":7,"3":7,"4":1,"5":0,"6":1,"7":1,"8":1,"9":0,"10":7,"11":1,"12":7},"f":{"0":1,"1":1},"b":{"0":[0,1]},"_coverageSchema":"1a1c01bbd47fc00a2c39e90264f33305004495a9","hash":"69e8d681ed1101aae0ba9f8bc0d747125094fd8e"}
,"C:\\Users\\ADMIN\\Desktop\\backend assessment\\agroecology-api\\routes\\blogs.js": {"path":"C:\\Users\\ADMIN\\Desktop\\backend assessment\\agroecology-api\\routes\\blogs.js","statementMap":{"0":{"start":{"line":1,"column":16},"end":{"line":1,"column":34}},"1":{"start":{"line":2,"column":15},"end":{"line":2,"column":31}},"2":{"start":{"line":3,"column":23},"end":{"line":3,"column":63}},"3":{"start":{"line":4,"column":13},"end":{"line":4,"column":42}},"4":{"start":{"line":7,"column":0},"end":{"line":7,"column":41}},"5":{"start":{"line":10,"column":0},"end":{"line":10,"column":50}},"6":{"start":{"line":12,"column":0},"end":{"line":12,"column":24}}},"fnMap":{},"branchMap":{},"s":{"0":7,"1":7,"2":7,"3":7,"4":7,"5":7,"6":7},"f":{},"b":{},"_coverageSchema":"1a1c01bbd47fc00a2c39e90264f33305004495a9","hash":"dfcf034604165eb464fd0080bff64e90ffef4e7e"}
,"C:\\Users\\ADMIN\\Desktop\\backend assessment\\agroecology-api\\routes\\dashboard.js": {"path":"C:\\Users\\ADMIN\\Desktop\\backend assessment\\agroecology-api\\routes\\dashboard.js","statementMap":{"0":{"start":{"line":1,"column":16},"end":{"line":1,"column":34}},"1":{"start":{"line":2,"column":15},"end":{"line":2,"column":31}},"2":{"start":{"line":3,"column":28},"end":{"line":3,"column":73}},"3":{"start":{"line":6,"column":0},"end":{"line":6,"column":50}},"4":{"start":{"line":8,"column":0},"end":{"line":8,"column":24}}},"fnMap":{},"branchMap":{},"s":{"0":7,"1":7,"2":7,"3":7,"4":7},"f":{},"b":{},"_coverageSchema":"1a1c01bbd47fc00a2c39e90264f33305004495a9","hash":"5d807529edcb5bfdc8a62af2c2c4200395a5f628"}
,"C:\\Users\\ADMIN\\Desktop\\backend assessment\\agroecology-api\\routes\\faqs.js": {"path":"C:\\Users\\ADMIN\\Desktop\\backend assessment\\agroecology-api\\routes\\faqs.js","statementMap":{"0":{"start":{"line":1,"column":16},"end":{"line":1,"column":34}},"1":{"start":{"line":2,"column":15},"end":{"line":2,"column":31}},"2":{"start":{"line":3,"column":22},"end":{"line":3,"column":61}},"3":{"start":{"line":6,"column":0},"end":{"line":6,"column":39}},"4":{"start":{"line":8,"column":0},"end":{"line":8,"column":24}}},"fnMap":{},"branchMap":{},"s":{"0":7,"1":7,"2":7,"3":7,"4":7},"f":{},"b":{},"_coverageSchema":"1a1c01bbd47fc00a2c39e90264f33305004495a9","hash":"3974277ad011585d35f7f2084160330994c4d147"}
,"C:\\Users\\ADMIN\\Desktop\\backend assessment\\agroecology-api\\routes\\ingest.js": {"path":"C:\\Users\\ADMIN\\Desktop\\backend assessment\\agroecology-api\\routes\\ingest.js","statementMap":{"0":{"start":{"line":1,"column":16},"end":{"line":1,"column":34}},"1":{"start":{"line":2,"column":15},"end":{"line":2,"column":32}},"2":{"start":{"line":3,"column":15},"end":{"line":3,"column":31}},"3":{"start":{"line":4,"column":25},"end":{"line":4,"column":67}},"4":{"start":{"line":6,"column":15},"end":{"line":6,"column":43}},"5":{"start":{"line":9,"column":0},"end":{"line":9,"column":74}},"6":{"start":{"line":11,"column":0},"end":{"line":11,"column":24}}},"fnMap":{},"branchMap":{},"s":{"0":7,"1":7,"2":7,"3":7,"4":7,"5":7,"6":7},"f":{},"b":{},"_coverageSchema":"1a1c01bbd47fc00a2c39e90264f33305004495a9","hash":"f65ff455ccf05783f6dce93d579b0c84c92e7002"}
,"C:\\Users\\ADMIN\\Desktop\\backend assessment\\agroecology-api\\routes\\outlets.js": {"path":"C:\\Users\\ADMIN\\Desktop\\backend assessment\\agroecology-api\\routes\\outlets.js","statementMap":{"0":{"start":{"line":1,"column":16},"end":{"line":1,"column":34}},"1":{"start":{"line":2,"column":15},"end":{"line":2,"column":31}},"2":{"start":{"line":3,"column":25},"end":{"line":3,"column":67}},"3":{"start":{"line":6,"column":0},"end":{"line":6,"column":45}},"4":{"start":{"line":8,"column":0},"end":{"line":8,"column":24}}},"fnMap":{},"branchMap":{},"s":{"0":7,"1":7,"2":7,"3":7,"4":7},"f":{},"b":{},"_coverageSchema":"1a1c01bbd47fc00a2c39e90264f33305004495a9","hash":"bf206ff16c02932c1fd3fedf061c3b31e862f2c1"}
,"C:\\Users\\ADMIN\\Desktop\\backend assessment\\agroecology-api\\routes\\products.js": {"path":"C:\\Users\\ADMIN\\Desktop\\backend assessment\\agroecology-api\\routes\\products.js","statementMap":{"0":{"start":{"line":1,"column":16},"end":{"line":1,"column":34}},"1":{"start":{"line":2,"column":15},"end":{"line":2,"column":31}},"2":{"start":{"line":3,"column":26},"end":{"line":3,"column":69}},"3":{"start":{"line":6,"column":0},"end":{"line":6,"column":47}},"4":{"start":{"line":8,"column":0},"end":{"line":8,"column":24}}},"fnMap":{},"branchMap":{},"s":{"0":7,"1":7,"2":7,"3":7,"4":7},"f":{},"b":{},"_coverageSchema":"1a1c01bbd47fc00a2c39e90264f33305004495a9","hash":"c3c221d8db685c0fb0e55465eae24a7f03161fe7"}
,"C:\\Users\\ADMIN\\Desktop\\backend assessment\\agroecology-api\\routes\\users.js": {"path":"C:\\Users\\ADMIN\\Desktop\\backend assessment\\agroecology-api\\routes\\users.js","statementMap":{"0":{"start":{"line":1,"column":16},"end":{"line":1,"column":34}},"1":{"start":{"line":2,"column":15},"end":{"line":2,"column":31}},"2":{"start":{"line":3,"column":23},"end":{"line":3,"column":63}},"3":{"start":{"line":6,"column":0},"end":{"line":6,"column":50}},"4":{"start":{"line":9,"column":0},"end":{"line":9,"column":44}},"5":{"start":{"line":11,"column":0},"end":{"line":11,"column":24}}},"fnMap":{},"branchMap":{},"s":{"0":7,"1":7,"2":7,"3":7,"4":7,"5":7},"f":{},"b":{},"_coverageSchema":"1a1c01bbd47fc00a2c39e90264f33305004495a9","hash":"c0b7c1b6d1ae2502a32291c702add8bea3372d47"}
}
