TN:
SF:app.js
FN:14,(anonymous_0)
FN:15,(anonymous_1)
FNF:2
FNH:1
FNDA:6,(anonymous_0)
FNDA:0,(anonymous_1)
DA:1,7
DA:2,7
DA:3,7
DA:4,7
DA:6,7
DA:8,7
DA:9,7
DA:10,7
DA:11,7
DA:13,7
DA:14,6
DA:15,0
DA:18,7
DA:19,7
DA:20,7
DA:21,7
DA:22,7
DA:23,7
DA:24,7
DA:26,7
LF:20
LH:19
BRF:0
BRH:0
end_of_record
TN:
SF:controllers\blogController.js
FN:4,(anonymous_0)
FN:15,(anonymous_1)
FNF:2
FNH:2
FNDA:1,(anonymous_0)
FNDA:1,(anonymous_1)
DA:1,7
DA:4,7
DA:5,1
DA:6,1
DA:7,1
DA:9,0
DA:10,0
DA:15,7
DA:16,1
DA:17,1
DA:21,1
DA:22,0
DA:24,1
DA:25,1
LF:14
LH:11
BRF:0
BRH:0
end_of_record
TN:
SF:controllers\dashboardController.js
FN:6,(anonymous_0)
FN:10,(anonymous_1)
FNF:2
FNH:2
FNDA:1,(anonymous_0)
FNDA:1,(anonymous_1)
DA:1,7
DA:2,7
DA:3,7
DA:6,7
DA:7,1
DA:8,1
DA:9,1
DA:10,1
DA:11,1
DA:13,0
DA:14,0
LF:11
LH:9
BRF:0
BRH:0
end_of_record
TN:
SF:controllers\faqController.js
FN:4,(anonymous_0)
FN:8,(anonymous_1)
FNF:2
FNH:2
FNDA:2,(anonymous_0)
FNDA:4,(anonymous_1)
DA:1,7
DA:4,7
DA:5,2
DA:6,2
DA:7,2
DA:8,4
DA:12,2
DA:14,0
DA:15,0
LF:9
LH:7
BRDA:5,0,0,2
BRDA:5,0,1,0
BRDA:9,1,0,4
BRDA:9,1,1,0
BRDA:10,2,0,4
BRDA:10,2,1,0
BRF:6
BRH:3
end_of_record
TN:
SF:controllers\ingestController.js
FN:8,(anonymous_0)
FNF:1
FNH:1
FNDA:2,(anonymous_0)
DA:1,7
DA:2,7
DA:3,7
DA:4,7
DA:5,7
DA:8,7
DA:9,2
DA:10,2
DA:12,2
DA:14,2
DA:15,2
DA:16,2
DA:17,2
DA:24,2
DA:25,2
DA:27,1
DA:28,1
DA:30,1
DA:32,0
DA:33,0
LF:20
LH:18
BRDA:12,0,0,0
BRDA:12,0,1,2
BRDA:25,1,0,1
BRDA:25,1,1,1
BRF:4
BRH:3
end_of_record
TN:
SF:controllers\outletController.js
FN:4,(anonymous_0)
FNF:1
FNH:0
FNDA:0,(anonymous_0)
DA:1,7
DA:4,7
DA:5,0
DA:6,0
DA:7,0
DA:9,0
DA:10,0
LF:7
LH:2
BRF:0
BRH:0
end_of_record
TN:
SF:controllers\productController.js
FN:4,(anonymous_0)
FN:8,(anonymous_1)
FNF:2
FNH:2
FNDA:1,(anonymous_0)
FNDA:10,(anonymous_1)
DA:1,7
DA:4,7
DA:5,1
DA:6,1
DA:7,1
DA:8,10
DA:12,1
DA:14,0
DA:15,0
LF:9
LH:7
BRDA:5,0,0,1
BRDA:5,0,1,0
BRDA:10,1,0,10
BRDA:10,1,1,0
BRF:4
BRH:2
end_of_record
TN:
SF:controllers\userController.js
FN:5,(anonymous_0)
FN:30,(anonymous_1)
FNF:2
FNH:2
FNDA:1,(anonymous_0)
FNDA:1,(anonymous_1)
DA:1,7
DA:2,7
DA:5,7
DA:6,1
DA:7,1
DA:9,1
DA:10,1
DA:11,0
DA:13,1
DA:14,1
DA:16,1
DA:22,1
DA:24,0
DA:25,0
DA:30,7
DA:31,1
DA:32,1
DA:34,1
DA:35,1
DA:36,0
DA:39,1
DA:45,1
DA:47,0
DA:48,0
LF:24
LH:18
BRDA:10,0,0,0
BRDA:10,0,1,1
BRDA:18,1,0,1
BRDA:18,1,1,0
BRDA:35,2,0,0
BRDA:35,2,1,1
BRDA:35,3,0,1
BRDA:35,3,1,1
BRDA:41,4,0,1
BRDA:41,4,1,0
BRF:10
BRH:6
end_of_record
TN:
SF:middleware\auth.js
FN:3,(anonymous_0)
FN:10,(anonymous_1)
FNF:2
FNH:2
FNDA:2,(anonymous_0)
FNDA:1,(anonymous_1)
DA:1,7
DA:3,7
DA:4,2
DA:5,2
DA:6,1
DA:9,1
DA:10,1
DA:11,1
DA:12,0
DA:14,1
DA:15,1
LF:11
LH:10
BRDA:5,0,0,1
BRDA:5,0,1,1
BRDA:5,1,0,2
BRDA:5,1,1,1
BRDA:10,2,0,1
BRDA:10,2,1,0
BRDA:11,3,0,0
BRDA:11,3,1,1
BRF:8
BRH:6
end_of_record
TN:
SF:middleware\i18n.js
FNF:0
FNH:0
DA:1,7
DA:2,7
DA:4,7
DA:9,7
LF:4
LH:4
BRF:0
BRH:0
end_of_record
TN:
SF:models\Blog.js
FNF:0
FNH:0
DA:1,7
DA:3,7
DA:12,7
LF:3
LH:3
BRF:0
BRH:0
end_of_record
TN:
SF:models\Faq.js
FNF:0
FNH:0
DA:1,7
DA:2,7
DA:12,7
LF:3
LH:3
BRF:0
BRH:0
end_of_record
TN:
SF:models\Outlet.js
FNF:0
FNH:0
DA:1,7
DA:3,7
DA:13,7
LF:3
LH:3
BRF:0
BRH:0
end_of_record
TN:
SF:models\Product.js
FNF:0
FNH:0
DA:1,7
DA:3,7
DA:15,7
LF:3
LH:3
BRF:0
BRH:0
end_of_record
TN:
SF:models\User.js
FN:10,(anonymous_0)
FN:20,(anonymous_1)
FNF:2
FNH:2
FNDA:1,(anonymous_0)
FNDA:1,(anonymous_1)
DA:1,7
DA:2,7
DA:4,7
DA:10,7
DA:11,1
DA:12,1
DA:13,1
DA:14,1
DA:16,0
DA:20,7
DA:21,1
DA:24,7
LF:12
LH:11
BRDA:11,0,0,0
BRDA:11,0,1,1
BRF:2
BRH:1
end_of_record
TN:
SF:routes\blogs.js
FNF:0
FNH:0
DA:1,7
DA:2,7
DA:3,7
DA:4,7
DA:7,7
DA:10,7
DA:12,7
LF:7
LH:7
BRF:0
BRH:0
end_of_record
TN:
SF:routes\dashboard.js
FNF:0
FNH:0
DA:1,7
DA:2,7
DA:3,7
DA:6,7
DA:8,7
LF:5
LH:5
BRF:0
BRH:0
end_of_record
TN:
SF:routes\faqs.js
FNF:0
FNH:0
DA:1,7
DA:2,7
DA:3,7
DA:6,7
DA:8,7
LF:5
LH:5
BRF:0
BRH:0
end_of_record
TN:
SF:routes\ingest.js
FNF:0
FNH:0
DA:1,7
DA:2,7
DA:3,7
DA:4,7
DA:6,7
DA:9,7
DA:11,7
LF:7
LH:7
BRF:0
BRH:0
end_of_record
TN:
SF:routes\outlets.js
FNF:0
FNH:0
DA:1,7
DA:2,7
DA:3,7
DA:6,7
DA:8,7
LF:5
LH:5
BRF:0
BRH:0
end_of_record
TN:
SF:routes\products.js
FNF:0
FNH:0
DA:1,7
DA:2,7
DA:3,7
DA:6,7
DA:8,7
LF:5
LH:5
BRF:0
BRH:0
end_of_record
TN:
SF:routes\users.js
FNF:0
FNH:0
DA:1,7
DA:2,7
DA:3,7
DA:6,7
DA:9,7
DA:11,7
LF:6
LH:6
BRF:0
BRH:0
end_of_record
